Remember that you can report errors and get help in https://github.com/NicoSantangelo/sublime-gulp

04-05-2016 06:49:
C:\Users\Дмитрий\AppData\Roaming\Sublime Text 3\Packages\Gulp\write_tasks_to_cache.js:31
        throw ex;
        ^

Error: Cannot find module 'gulp-php2html'
    at Function.Module._resolveFilename (module.js:339:15)
    at Function.Module._load (module.js:290:25)
    at Module.require (module.js:367:17)
    at require (internal/module.js:16:19)
    at Object.<anonymous> (C:\xampp\htdocs\tony\.sublime-gulp-tmp.js:2:13)
    at Module._compile (module.js:413:34)
    at Object.Module._extensions..js (module.js:422:10)
    at Module.load (module.js:357:32)
    at Function.Module._load (module.js:314:12)
    at Module.require (module.js:367:17)


04-05-2016 06:50:
C:\Users\Дмитрий\AppData\Roaming\Sublime Text 3\Packages\Gulp\write_tasks_to_cache.js:31
        throw ex;
        ^

Error: Cannot find module 'gulp-php2html'
    at Function.Module._resolveFilename (module.js:339:15)
    at Function.Module._load (module.js:290:25)
    at Module.require (module.js:367:17)
    at require (internal/module.js:16:19)
    at Object.<anonymous> (C:\xampp\htdocs\tony\.sublime-gulp-tmp.js:2:13)
    at Module._compile (module.js:413:34)
    at Object.Module._extensions..js (module.js:422:10)
    at Module.load (module.js:357:32)
    at Function.Module._load (module.js:314:12)
    at Module.require (module.js:367:17)
